This is pdfTeX, Version 3.1415926-1.40.10 (TeX Live 2009/Debian) (format=pdflatex 2012.1.15)  16 APR 2012 01:12
entering extended mode
 %&-line parsing enabled.
**rrtpi.tex
(./rrtpi.tex
LaTeX2e <2009/09/24>
Babel <v3.8l> and hyphenation patterns for english, usenglishmax, dumylang, noh
yphenation, loaded.
(./jmlr.cls
Document Class: jmlr 2012/02/25 v1.13 (NLCT) Journal of Machine Learning Resear
ch
(/usr/share/texmf-texlive/tex/latex/xkeyval/xkeyval.sty
Package: xkeyval 2008/08/13 v2.6a package option processing (HA)

(/usr/share/texmf-texlive/tex/generic/xkeyval/xkeyval.tex
\XKV@toks=\toks14
\XKV@tempa@toks=\toks15
\XKV@depth=\count79
File: xkeyval.tex 2008/08/13 v2.6a key=value parser (HA)

(/usr/share/texmf-texlive/tex/generic/xkeyval/keyval.tex)))
(/usr/share/texmf-texlive/tex/latex/base/article.cls
Document Class: article 2007/10/19 v1.4h Standard LaTeX document class
(/usr/share/texmf-texlive/tex/latex/base/size11.clo
File: size11.clo 2007/10/19 v1.4h Standard LaTeX file (size option)
)
\c@part=\count80
\c@section=\count81
\c@subsection=\count82
\c@subsubsection=\count83
\c@paragraph=\count84
\c@subparagraph=\count85
\c@figure=\count86
\c@table=\count87
\abovecaptionskip=\skip41
\belowcaptionskip=\skip42
\bibindent=\dimen102
)
(/usr/share/texmf-texlive/tex/latex/amsmath/amsmath.sty
Package: amsmath 2000/07/18 v2.13 AMS math features
\@mathmargin=\skip43

For additional information on amsmath, use the `?' option.
(/usr/share/texmf-texlive/tex/latex/amsmath/amstext.sty
Package: amstext 2000/06/29 v2.01

(/usr/share/texmf-texlive/tex/latex/amsmath/amsgen.sty
File: amsgen.sty 1999/11/30 v2.0
\@emptytoks=\toks16
\ex@=\dimen103
))
(/usr/share/texmf-texlive/tex/latex/amsmath/amsbsy.sty
Package: amsbsy 1999/11/29 v1.2d
\pmbraise@=\dimen104
)
(/usr/share/texmf-texlive/tex/latex/amsmath/amsopn.sty
Package: amsopn 1999/12/14 v2.01 operator names
)
\inf@bad=\count88
LaTeX Info: Redefining \frac on input line 211.
\uproot@=\count89
\leftroot@=\count90
LaTeX Info: Redefining \overline on input line 307.
\classnum@=\count91
\DOTSCASE@=\count92
LaTeX Info: Redefining \ldots on input line 379.
LaTeX Info: Redefining \dots on input line 382.
LaTeX Info: Redefining \cdots on input line 467.
\Mathstrutbox@=\box26
\strutbox@=\box27
\big@size=\dimen105
LaTeX Font Info:    Redeclaring font encoding OML on input line 567.
LaTeX Font Info:    Redeclaring font encoding OMS on input line 568.
\macc@depth=\count93
\c@MaxMatrixCols=\count94
\dotsspace@=\muskip10
\c@parentequation=\count95
\dspbrk@lvl=\count96
\tag@help=\toks17
\row@=\count97
\column@=\count98
\maxfields@=\count99
\andhelp@=\toks18
\eqnshift@=\dimen106
\alignsep@=\dimen107
\tagshift@=\dimen108
\tagwidth@=\dimen109
\totwidth@=\dimen110
\lineht@=\dimen111
\@envbody=\toks19
\multlinegap=\skip44
\multlinetaggap=\skip45
\mathdisplay@stack=\toks20
LaTeX Info: Redefining \[ on input line 2666.
LaTeX Info: Redefining \] on input line 2667.
)
(/usr/share/texmf-texlive/tex/latex/amsfonts/amssymb.sty
Package: amssymb 2009/06/22 v3.00

(/usr/share/texmf-texlive/tex/latex/amsfonts/amsfonts.sty
Package: amsfonts 2009/06/22 v3.00 Basic AMSFonts support
\symAMSa=\mathgroup4
\symAMSb=\mathgroup5
LaTeX Font Info:    Overwriting math alphabet `\mathfrak' in version `bold'
(Font)                  U/euf/m/n --> U/euf/b/n on input line 96.
))
(/usr/share/texmf-texlive/tex/latex/natbib/natbib.sty
Package: natbib 2009/07/16 8.31 (PWD, AO)
\bibhang=\skip46
\bibsep=\skip47
LaTeX Info: Redefining \cite on input line 694.
\c@NAT@ctr=\count100
)
(/usr/share/texmf-texlive/tex/latex/graphics/graphicx.sty
Package: graphicx 1999/02/16 v1.0f Enhanced LaTeX Graphics (DPC,SPQR)

(/usr/share/texmf-texlive/tex/latex/graphics/graphics.sty
Package: graphics 2009/02/05 v1.0o Standard LaTeX Graphics (DPC,SPQR)

(/usr/share/texmf-texlive/tex/latex/graphics/trig.sty
Package: trig 1999/03/16 v1.09 sin cos tan (DPC)
)
(/etc/texmf/tex/latex/config/graphics.cfg
File: graphics.cfg 2009/08/28 v1.8 graphics configuration of TeX Live
)
Package graphics Info: Driver file: pdftex.def on input line 91.

(/usr/share/texmf-texlive/tex/latex/pdftex-def/pdftex.def
File: pdftex.def 2010/03/12 v0.04p Graphics/color for pdfTeX
\Gread@gobject=\count101
))
\Gin@req@height=\dimen112
\Gin@req@width=\dimen113
)
(/usr/share/texmf-texlive/tex/latex/ltxmisc/url.sty
\Urlmuskip=\muskip11
Package: url 2006/04/12  ver 3.3  Verb mode for urls, etc.
)
(/usr/share/texmf/tex/latex/xcolor/xcolor.sty
Package: xcolor 2007/01/21 v2.11 LaTeX color extensions (UK)

(/etc/texmf/tex/latex/config/color.cfg
File: color.cfg 2007/01/18 v1.5 color configuration of teTeX/TeXLive
)
Package xcolor Info: Driver file: pdftex.def on input line 225.
Package xcolor Info: Model `cmy' substituted by `cmy0' on input line 1337.
Package xcolor Info: Model `hsb' substituted by `rgb' on input line 1341.
Package xcolor Info: Model `RGB' extended on input line 1353.
Package xcolor Info: Model `HTML' substituted by `rgb' on input line 1355.
Package xcolor Info: Model `Hsb' substituted by `hsb' on input line 1356.
Package xcolor Info: Model `tHsb' substituted by `hsb' on input line 1357.
Package xcolor Info: Model `HSB' substituted by `hsb' on input line 1358.
Package xcolor Info: Model `Gray' substituted by `gray' on input line 1359.
Package xcolor Info: Model `wave' substituted by `hsb' on input line 1360.

(/usr/share/texmf/tex/latex/xcolor/x11nam.def
File: x11nam.def 2007/01/21 v2.11 Predefined colors according to Unix/X11 (UK)
))
(/usr/share/texmf-texlive/tex/latex/algorithm2e/algorithm2e.sty
Package: algorithm2e 2005/10/04 v3.9 algorithms environments
\c@AlgoLine=\count102

(/usr/share/texmf-texlive/tex/latex/base/ifthen.sty
Package: ifthen 2001/05/26 v1.1c Standard LaTeX ifthen package (DPC)
)
(/usr/share/texmf-texlive/tex/latex/tools/xspace.sty
Package: xspace 2006/05/08 v1.12 Space after command names (DPC,MH)
)
********************************************************
Package `algorithm2e' Release 3.9 -- october 04 2005 --
- algorithm2e-announce@lirmm.fr mailing list for announcement about releases
- algorithm2e-discussion@lirmm.fr mailing list for discussion about package
subscribe by emailing sympa@lirmm.fr with 'subscribe <list> <firstname name>'
- Author: Christophe Fiorio (fiorio@lirmm.fr)
********************************************************
\skiptotal=\skip48
\skiprule=\skip49
\skiphlne=\skip50
\skiptext=\skip51
\skiplength=\skip52
\algomargin=\skip53
\skipalgocfslide=\skip54
\algowidth=\dimen114
\inoutsize=\dimen115
\inoutline=\dimen116
\algocf@inoutbox=\box28
\algocf@inputbox=\box29
\AlCapSkip=\skip55
\AlCapHSkip=\skip56
\algocf@capbox=\box30
\c@algocfline=\count103
\c@algocf=\count104
\algocf@algoframe=\box31
\algocf@algobox=\box32
) (/usr/share/texmf-texlive/tex/latex/hyperref/hyperref.sty
Package: hyperref 2009/10/09 v6.79a Hypertext links for LaTeX

(/usr/share/texmf-texlive/tex/generic/oberdiek/ifpdf.sty
Package: ifpdf 2009/04/10 v2.0 Provides the ifpdf switch (HO)
Package ifpdf Info: pdfTeX in pdf mode detected.
)
(/usr/share/texmf-texlive/tex/generic/oberdiek/ifvtex.sty
Package: ifvtex 2008/11/04 v1.4 Switches for detecting VTeX and its modes (HO)
Package ifvtex Info: VTeX not detected.
)
(/usr/share/texmf-texlive/tex/generic/ifxetex/ifxetex.sty
Package: ifxetex 2009/01/23 v0.5 Provides ifxetex conditional
)
(/usr/share/texmf-texlive/tex/latex/oberdiek/hycolor.sty
Package: hycolor 2009/10/02 v1.5 Code for color options of hyperref/bookmark (H
O)

(/usr/share/texmf-texlive/tex/latex/oberdiek/xcolor-patch.sty
Package: xcolor-patch 2009/10/02 xcolor patch
))
\@linkdim=\dimen117
\Hy@linkcounter=\count105
\Hy@pagecounter=\count106

(/usr/share/texmf-texlive/tex/latex/hyperref/pd1enc.def
File: pd1enc.def 2009/10/09 v6.79a Hyperref: PDFDocEncoding definition (HO)
)
(/usr/share/texmf-texlive/tex/generic/oberdiek/etexcmds.sty
Package: etexcmds 2007/12/12 v1.2 Prefix for e-TeX command names (HO)

(/usr/share/texmf-texlive/tex/generic/oberdiek/infwarerr.sty
Package: infwarerr 2007/09/09 v1.2 Providing info/warning/message (HO)
)
Package etexcmds Info: Could not find \expanded.
(etexcmds)             That can mean that you are not using pdfTeX 1.50 or
(etexcmds)             that some package has redefined \expanded.
(etexcmds)             In the latter case, load this package earlier.
)
(/usr/share/texmf-texlive/tex/latex/latexconfig/hyperref.cfg
File: hyperref.cfg 2002/06/06 v1.2 hyperref configuration of TeXLive
)
(/usr/share/texmf-texlive/tex/latex/oberdiek/kvoptions.sty
Package: kvoptions 2009/08/13 v3.4 Keyval support for LaTeX options (HO)

(/usr/share/texmf-texlive/tex/generic/oberdiek/kvsetkeys.sty
Package: kvsetkeys 2009/07/30 v1.5 Key value parser with default handler suppor
t (HO)
))
Package hyperref Info: Hyper figures OFF on input line 2975.
Package hyperref Info: Link nesting OFF on input line 2980.
Package hyperref Info: Hyper index ON on input line 2983.
Package hyperref Info: Plain pages OFF on input line 2990.
Package hyperref Info: Backreferencing OFF on input line 2995.

Implicit mode ON; LaTeX internals redefined
Package hyperref Info: Bookmarks ON on input line 3191.
LaTeX Info: Redefining \url on input line 3428.
(/usr/share/texmf-texlive/tex/generic/oberdiek/bitset.sty
Package: bitset 2007/09/28 v1.0 Data type bit set (HO)

(/usr/share/texmf-texlive/tex/generic/oberdiek/intcalc.sty
Package: intcalc 2007/09/27 v1.1 Expandable integer calculations (HO)
)
(/usr/share/texmf-texlive/tex/generic/oberdiek/bigintcalc.sty
Package: bigintcalc 2007/11/11 v1.1 Expandable big integer calculations (HO)

(/usr/share/texmf-texlive/tex/generic/oberdiek/pdftexcmds.sty
Package: pdftexcmds 2009/09/23 v0.6 LuaTeX support for pdfTeX utility functions
 (HO)

(/usr/share/texmf-texlive/tex/generic/oberdiek/ifluatex.sty
Package: ifluatex 2009/04/17 v1.2 Provides the ifluatex switch (HO)
Package ifluatex Info: LuaTeX not detected.
)
(/usr/share/texmf-texlive/tex/generic/oberdiek/ltxcmds.sty
Package: ltxcmds 2009/08/05 v1.0 Some LaTeX kernel commands for general use (HO
)
)
Package pdftexcmds Info: LuaTeX not detected.
Package pdftexcmds Info: \pdf@primitive is available.
Package pdftexcmds Info: \pdf@ifprimitive is available.
)))
\Fld@menulength=\count107
\Field@Width=\dimen118
\Fld@charsize=\dimen119
\Field@toks=\toks21
Package hyperref Info: Hyper figures OFF on input line 4377.
Package hyperref Info: Link nesting OFF on input line 4382.
Package hyperref Info: Hyper index ON on input line 4385.
Package hyperref Info: backreferencing OFF on input line 4392.
Package hyperref Info: Link coloring OFF on input line 4397.
Package hyperref Info: Link coloring with OCG OFF on input line 4402.
Package hyperref Info: PDF/A mode OFF on input line 4407.

(/usr/share/texmf-texlive/tex/generic/oberdiek/atbegshi.sty
Package: atbegshi 2008/07/31 v1.9 At begin shipout hook (HO)
)
\Hy@abspage=\count108
\c@Item=\count109
\c@Hfootnote=\count110
)
*hyperref using default driver hpdftex*
(/usr/share/texmf-texlive/tex/latex/hyperref/hpdftex.def
File: hpdftex.def 2009/10/09 v6.79a Hyperref driver for pdfTeX
\Fld@listcount=\count111
)
(/usr/share/texmf-texlive/tex/latex/hyperref/nameref.sty
Package: nameref 2007/05/29 v2.31 Cross-referencing by name of section

(/usr/share/texmf-texlive/tex/latex/oberdiek/refcount.sty
Package: refcount 2008/08/11 v3.1 Data extraction from references (HO)
)
\c@section@level=\count112
)
Package hyperref Info: Option `colorlinks' set `true' on input line 137.
Package hyperref Info: Option `linktocpage' set `true' on input line 137.
Package hyperref Info: Option `plainpages' set `false' on input line 137.
\aftertitskip=\skip57
\beforetitskip=\skip58
\interauthorskip=\skip59
\aftermaketitskip=\skip60
\jmlrlength=\skip61
\jmlrbox=\box33
\c@example=\count113
\c@theorem=\count114
\c@subfigure=\count115
\@subfloatcapbox=\box34
\@subfloatcontsbox=\box35
\c@subtable=\count116
\c@chapter=\count117
\postchapterskip=\skip62
\prechapterskip=\skip63
)
(/usr/share/texmf-texlive/tex/latex/tools/longtable.sty
Package: longtable 2004/02/01 v4.11 Multi-page Table package (DPC)
\LTleft=\skip64
\LTright=\skip65
\LTpre=\skip66
\LTpost=\skip67
\LTchunksize=\count118
\LTcapwidth=\dimen120
\LT@head=\box36
\LT@firsthead=\box37
\LT@foot=\box38
\LT@lastfoot=\box39
\LT@cols=\count119
\LT@rows=\count120
\c@LT@tables=\count121
\c@LT@chunks=\count122
\LT@p@ftn=\toks22
)
(/usr/share/texmf-texlive/tex/latex/booktabs/booktabs.sty
Package: booktabs 2005/04/14 v1.61803 publication quality tables
\heavyrulewidth=\dimen121
\lightrulewidth=\dimen122
\cmidrulewidth=\dimen123
\belowrulesep=\dimen124
\belowbottomsep=\dimen125
\aboverulesep=\dimen126
\abovetopsep=\dimen127
\cmidrulesep=\dimen128
\cmidrulekern=\dimen129
\defaultaddspace=\dimen130
\@cmidla=\count123
\@cmidlb=\count124
\@aboverulesep=\dimen131
\@belowrulesep=\dimen132
\@thisruleclass=\count125
\@lastruleclass=\count126
\@thisrulewidth=\dimen133
)
(/usr/share/texmf-texlive/tex/latex/siunitx/siunitx.sty
Package: siunitx 2009/09/21 v1.3a A comprehensive (SI) units package

(/usr/share/texmf-texlive/tex/latex/tools/array.sty
Package: array 2008/09/09 v2.4c Tabular extension package (FMi)
\col@sep=\dimen134
\extrarowheight=\dimen135
\NC@list=\toks23
\extratabsurround=\skip68
\backup@length=\skip69
)
\si@tempboxa=\box40
\si@tempboxb=\box41
\si@tempboxc=\box42
\si@tempboxd=\box43
\si@temptoks=\toks24
\si@tab@mantprecnt=\count127
\si@tab@mantpostcnt=\count128
\si@tab@expprecnt=\count129
\si@tab@exppostcnt=\count130
\si@num@dp=\count131
\si@num@sf=\count132
\si@eVcorra=\skip70
\si@eVcorrb=\skip71
\si@frc@displen=\skip72
\si@frc@textlen=\skip73
\si@frc@suplen=\skip74
\si@frc@ssuplen=\skip75
\si@num@rndtarget=\count133
\si@tab@toks=\toks25
\si@tab@pretoks=\toks26
\si@tab@posttoks=\toks27
\si@tempcnta=\count134
\si@tempcntb=\count135
\si@tab@prebox=\box44
\si@tab@midbox=\box45
\si@tab@postbox=\box46
\si@tab@expbox=\box47
\si@tab@predim=\dimen136
\si@tab@postdim=\dimen137
\si@tab@expdim=\dimen138
\si@tempdima=\dimen139
\si@tempdimb=\dimen140
\si@unt@unitcnta=\count136
\si@unt@unitcntb=\count137
\si@unt@depthcnt=\count138
\si@unt@prefixcnt=\count139
\si@unt@powerdim=\dimen141

(/usr/share/texmf-texlive/tex/latex/siunitx/config/si-prefix.cfg
File: si-prefix.cfg 2009/09/21 v1.3a siunitx: SI Multiple prefixes
Package siunitx Info: Redefining unit \kilogram on input line 46.
)
(/usr/share/texmf-texlive/tex/latex/siunitx/config/si-named.cfg
File: si-named.cfg 2009/09/21 v1.3a siunitx: SI Named units
)
(/usr/share/texmf-texlive/tex/latex/siunitx/config/si-addn.cfg
File: si-addn.cfg 2009/09/21 v1.3a siunitx: SI Additional units
)
(/usr/share/texmf-texlive/tex/latex/siunitx/config/si-prefixed.cfg
File: si-prefixed.cfg 2009/09/21 v1.3a siunitx: SI Prefixed units

(/usr/share/texmf-texlive/tex/latex/siunitx/config/si-accepted.cfg
File: si-accepted.cfg 2009/09/21 v1.3a siunitx: SI Accepted units
)
(/usr/share/texmf-texlive/tex/latex/siunitx/config/si-physical.cfg
File: si-physical.cfg 2009/09/21 v1.3a siunitx: SI Physically-measured units
))
(/usr/share/texmf-texlive/tex/latex/siunitx/config/si-abbr.cfg
File: si-abbr.cfg 2009/09/21 v1.3a siunitx: Abbreviated units
)) (./rrtpi.aux

LaTeX Warning: Label `fig:subfigex' multiply defined.

)
\openout1 = `rrtpi.aux'.

LaTeX Font Info:    Checking defaults for OML/cmm/m/it on input line 70.
LaTeX Font Info:    ... okay on input line 70.
LaTeX Font Info:    Checking defaults for T1/cmr/m/n on input line 70.
LaTeX Font Info:    ... okay on input line 70.
LaTeX Font Info:    Checking defaults for OT1/cmr/m/n on input line 70.
LaTeX Font Info:    ... okay on input line 70.
LaTeX Font Info:    Checking defaults for OMS/cmsy/m/n on input line 70.
LaTeX Font Info:    ... okay on input line 70.
LaTeX Font Info:    Checking defaults for OMX/cmex/m/n on input line 70.
LaTeX Font Info:    ... okay on input line 70.
LaTeX Font Info:    Checking defaults for U/cmr/m/n on input line 70.
LaTeX Font Info:    ... okay on input line 70.
LaTeX Font Info:    Checking defaults for PD1/pdf/m/n on input line 70.
LaTeX Font Info:    ... okay on input line 70.
LaTeX Font Info:    Checking defaults for TS1/cmr/m/n on input line 70.
LaTeX Font Info:    Try loading font information for TS1+cmr on input line 70.
 (/usr/share/texmf-texlive/tex/latex/base/ts1cmr.fd
File: ts1cmr.fd 1999/05/25 v2.5h Standard LaTeX font definitions
)
LaTeX Font Info:    ... okay on input line 70.

(/usr/share/texmf-texlive/tex/context/base/supp-pdf.mkii
[Loading MPS to PDF converter (version 2006.09.02).]
\scratchcounter=\count140
\scratchdimen=\dimen142
\scratchbox=\box48
\nofMPsegments=\count141
\nofMParguments=\count142
\everyMPshowfont=\toks28
\MPscratchCnt=\count143
\MPscratchDim=\dimen143
\MPnumerator=\count144
\everyMPtoPDFconversion=\toks29
)
Package hyperref Info: Link coloring ON on input line 70.
LaTeX Info: Redefining \ref on input line 70.
LaTeX Info: Redefining \pageref on input line 70.
 (./rrtpi.out) (./rrtpi.out)
\@outlinefile=\write3
\openout3 = `rrtpi.out'.

\AtBeginShipoutBox=\box49
Package siunitx Info: xfrac package unavailable
(siunitx)             using `fraction=sfrac' will fall back on
(siunitx)             nicefrac-like method on input line 70.
LaTeX Font Info:    Try loading font information for U+msa on input line 70.

(/usr/share/texmf-texlive/tex/latex/amsfonts/umsa.fd
File: umsa.fd 2009/06/22 v3.00 AMS symbols A
)
LaTeX Font Info:    Try loading font information for U+msb on input line 70.

(/usr/share/texmf-texlive/tex/latex/amsfonts/umsb.fd
File: umsb.fd 2009/06/22 v3.00 AMS symbols B
)

LaTeX Warning: No \author given.

LaTeX Font Info:    Try loading font information for OMS+cmr on input line 72.
(/usr/share/texmf-texlive/tex/latex/base/omscmr.fd
File: omscmr.fd 1999/05/25 v2.5h Standard LaTeX font definitions
)
LaTeX Font Info:    Font shape `OMS/cmr/m/n' in size <8> not available
(Font)              Font shape `OMS/cmsy/m/n' tried instead on input line 72.


Package hyperref Warning: Empty destination name,
(hyperref)                using `UNDEFINED' on input line 86.

[1{/var/lib/texmf/fonts/map/pdftex/updmap/pdftex.map}

] [2]
LaTeX Font Info:    Font shape `OMS/cmr/m/n' in size <10.95> not available
(Font)              Font shape `OMS/cmsy/m/n' tried instead on input line 110.

<rrt.png, id=99, 449.68pt x 337.26pt>
File: rrt.png Graphic file (type png)
 <use rrt.png> [3 <./rrt.png (PNG copy)>]
Package hyperref Info: bookmark level for unknown algocf defaults to 0 on input
 line 135.

Underfull \hbox (badness 10000) in paragraph at lines 154--156

 []

[4]
Underfull \hbox (badness 10000) in paragraph at lines 188--191

 []

[5] <i0_rrt.png, id=148, 578.16pt x 434.1018pt>
File: i0_rrt.png Graphic file (type png)
 <use i0_rrt.png>
<vfunc.png, id=149, 578.16pt x 434.1018pt>
File: vfunc.png Graphic file (type png)
 <use vfunc.png>
Underfull \hbox (badness 1924) in paragraph at lines 206--206
[]\OT1/cmr/m/n/10.95 An in-stance of the ap-prox-i-mated
 []

<bigrep.png, id=150, 578.16pt x 434.1018pt>
File: bigrep.png Graphic file (type png)
 <use bigrep.png>
<smallrep.png, id=151, 578.16pt x 434.1018pt>
File: smallrep.png Graphic file (type png)
 <use smallrep.png> (./rrtpi.bbl
[6] [7 <./i0_rrt.png (PNG copy)> <./vfunc.png (PNG copy)> <./bigrep.png (PNG co
py)> <./smallrep.png (PNG copy)>]) [8] (./rrtpi.aux)

LaTeX Warning: There were multiply-defined labels.

 ) 
Here is how much of TeX's memory you used:
 9577 strings out of 495061
 132078 string characters out of 1182621
 283663 words of memory out of 3000000
 12544 multiletter control sequences out of 15000+50000
 14632 words of font info for 54 fonts, out of 3000000 for 9000
 28 hyphenation exceptions out of 8191
 45i,15n,55p,1382b,411s stack positions out of 5000i,500n,10000p,200000b,50000s
pdfTeX warning (dest): name{UNDEFINED} has been referenced but does not exist
, replaced by a fixed one

</usr/share/texmf-texlive/fonts/type1/public/amsfonts/cm/cmbx10.pfb></usr/share
/texmf-texlive/fonts/type1/public/amsfonts/cm/cmbx12.pfb></usr/share/texmf-texl
ive/fonts/type1/public/amsfonts/cm/cmbx8.pfb></usr/share/texmf-texlive/fonts/ty
pe1/public/amsfonts/cm/cmcsc10.pfb></usr/share/texmf-texlive/fonts/type1/public
/amsfonts/cm/cmex10.pfb></usr/share/texmf-texlive/fonts/type1/public/amsfonts/c
m/cmmi10.pfb></usr/share/texmf-texlive/fonts/type1/public/amsfonts/cm/cmmi6.pfb
></usr/share/texmf-texlive/fonts/type1/public/amsfonts/cm/cmmi8.pfb></usr/share
/texmf-texlive/fonts/type1/public/amsfonts/cm/cmmib10.pfb></usr/share/texmf-tex
live/fonts/type1/public/amsfonts/cm/cmr10.pfb></usr/share/texmf-texlive/fonts/t
ype1/public/amsfonts/cm/cmr8.pfb></usr/share/texmf-texlive/fonts/type1/public/a
msfonts/cm/cmsy10.pfb></usr/share/texmf-texlive/fonts/type1/public/amsfonts/cm/
cmsy6.pfb></usr/share/texmf-texlive/fonts/type1/public/amsfonts/cm/cmsy8.pfb></
usr/share/texmf-texlive/fonts/type1/public/amsfonts/cm/cmti10.pfb></usr/share/t
exmf-texlive/fonts/type1/public/amsfonts/symbols/msbm10.pfb>
Output written on rrtpi.pdf (8 pages, 476637 bytes).
PDF statistics:
 241 PDF objects out of 1000 (max. 8388607)
 51 named destinations out of 1000 (max. 500000)
 74 words of extra memory for PDF output out of 10000 (max. 10000000)

